============================= test session starts ==============================
platform darwin -- Python 3.14.2, pytest-9.0.3, pluggy-1.6.0 -- /Users/revaa/Desktop/Workflow Clinic GSOC/ga4gh_workflow_clinic_gsoc_2026-/.venv/bin/python3.14
cachedir: .pytest_cache
rootdir: /Users/revaa/Desktop/Workflow Clinic GSOC/ga4gh_workflow_clinic_gsoc_2026-
configfile: pyproject.toml
plugins: cov-7.1.0, langsmith-0.8.9, anyio-4.13.0
collecting ... collected 7 items

tests/test_cli_critic.py::test_examine_help_shows_enhance_options PASSED [ 14%]
tests/test_cli_critic.py::test_examine_without_enhance_no_remediation PASSED [ 28%]
tests/test_cli_critic.py::test_examine_with_enhance_offline_fallback FAILED [ 42%]
tests/test_cli_critic.py::test_examine_with_enhance_mocked_llm PASSED    [ 57%]
tests/test_cli_critic.py::test_examine_with_enhance_partial_failure PASSED [ 71%]
tests/test_cli_critic.py::test_examine_with_enhance_total_failure_falls_back_gracefully PASSED [ 85%]
tests/test_cli_critic.py::test_examine_with_enhance_api_key_not_logged PASSED [100%]

=================================== FAILURES ===================================
__________________ test_examine_with_enhance_offline_fallback __________________
tests/test_cli_critic.py:90: in test_examine_with_enhance_offline_fallback
    assert "Offline remediation guidance added" in result.output
E   assert 'Offline remediation guidance added' in "\nScanning workflow at 'poor_practices.nf'...\nNotice: No LLM API key found. Defaulting to local Knowledge Store fallback.\n\u2713 Saved diagnosis report to \n/private/var/folders/44/8l9tcqpx18g44px1c_6fwp7m0000gn/T/pytest-of-revaa/pytest-\n81/test_examine_with_enhance_offl0/diagnosis_test.json\n\n                    Diagnostic Findings for 'poor_practices'                    \n\u250f\u2501\u2501\u2501\u2501\u2501\u2501\u2501\u2501\u2501\u2501\u2501\u2501\u2533\u2501\u2501\u2501\u2501\u2501\u2501\u2501\u2501\u2501\u2501\u2501\u2501\u2501\u2501\u2501\u2501\u2501\u2501\u2501\u2501\u2501\u2501\u2533\u2501\u2501\u2501\u2501\u2501\u2501\u2501\u2501\u2501\u2501\u2501\u2501\u2501\u2501\u2501\u2501\u2501\u2501\u2501\u2501\u2533\u2501\u2501\u2501\u2501\u2501\u2501\u2501\u2501\u2501\u2501\u2501\u2501\u2501\u2501\u2501\u2501\u2501\u2501\u2501\u2501\u2501\u2513\n\u2503 Severity   \u2503 Rule                 \u2503 Process            \u2503 Message             \u2503\n\u2521\u2501\u2501\u2501\u2501\u2501\u2501\u2501\u2501\u2501\u2501\u2501\u2501\u2547\u2501\u2501\u2501\u2501\u2501\u2501\u2501\u2501\u2501\u2501\u2501\u2501\u2501\u2501\u2501\u2501\u2501\u2501\u2501\u2501\u2501\u2501\u2547\u2501\u2501\u2501\u2501\u2501\u2501\u2501\u2501\u2501\u2501\u2501\u2501\u2501\u2501\u2501\u2501\u2501\u2501\u2501\u2501\u2547\u2501\u2501\u2501\u2501\u2501\u2501\u2501\u2501\u2501\u2501\u2501\u2501\u2501\u2501\u2501\u2501\u2501\u2501\u2501\u2501\u2501\u2529\n\u2502 ERROR      \u2502 W001                 \u2502 NO_CONTAINER       \u2502 Process             \u2502\n\u2502            \u2502                      \u2502                    \u2502 'NO_CONTAINER' has  \u2502\n\u2502            \u2502                      \u2502                    \u2502 no container        \u2502\n\u2502            \u2502                      \u2502                    \u2502 defined.            \u2502\n\u251c\u2500\u2500\u2500\u2500\u2500\u2500\u2500\u2500\u2500\u2500\u2500\u2500\u253c\u2500\u2500\u2500\u2500\u2500\u2500\u2500\u2500\u2500\u2500\u2500\u2500\u2500\u2500\u2500\u2500\u2500\u2500\u2500\u2500\u2500\u2500\u253c\u2500\u2500\u2500\u2500\u2500\u2500\u2500\u2500\u2500\u2500\u2500\u2500\u2500\u2500\u2500\u2500\u2500\u2500\u2500\u2500\u253c\u2500\u2500\u2500\u2500\u2500\u2500\u2500\u2500\u2500\u2500\u2500\u2500\u2500\u2500\u2500\u2500\u2500\u2500\u2500\u2500\u2500\u2524\n\u2502 WARNING    \u2502 W001                 \u2502 UNPINNED_TAG       \u2502 Process             \u2502\n\u2502            \u2502                      \u2502                    \u2502 'UNPINNED_TAG' uses \u2502\n\u2502            \u2502                      \u2502                    \u2502 an unpinned         \u2502\n\u2502            \u2502                      \u2502                    \u2502 container image:    \u2502\n\u2502            \u2502                      \u2502                    \u2502 'ubuntu:latest'.    \u2502\n\u2502            \u2502                      \u2502                    \u2502 Pin to a specific   \u2502\n\u2502            \u2502                      \u2502                    \u2502 tag or digest for   \u2502\n\u2502            \u2502                      \u2502                    \u2502 reproducibility.    \u2502\n\u251c\u2500\u2500\u2500\u2500\u2500\u2500\u2500\u2500\u2500\u2500\u2500\u2500\u253c\u2500\u2500\u2500\u2500\u2500\u2500\u2500\u2500\u2500\u2500\u2500\u2500\u2500\u2500\u2500\u2500\u2500\u2500\u2500\u2500\u2500\u2500\u253c\u2500\u2500\u2500\u2500\u2500\u2500\u2500\u2500\u2500\u2500\u2500\u2500\u2500\u2500\u2500\u2500\u2500\u2500\u2500\u2500\u253c\u2500\u2500\u2500\u2500\u2500\u2500\u2500\u2500\u2500\u2500\u2500\u2500\u2500\u2500\u2500\u2500\u2500\u2500\u2500\u2500\u2500\u2524\n\u2502 WARNING    \u2502 W001                 \u2502 TAGLESS_IMAGE      \u2502 Process             \u2502\n\u2502            \u2502                      \u2502                    \u2502 'TAGLESS_IMAGE'     \u2502\n\u2502            \u2502                      \u2502                    \u2502 uses an unpinned    \u2502\n\u2502            \u2502                      \u2502                    \u2502 container image:    \u2502\n\u2502            \u2502                      \u2502                    \u2502 'ubuntu'. Pin to a  \u2502\n\u2502            \u2502                      \u2502                    \u2502 specific tag or     \u2502\n\u2502            \u2502                      \u2502                    \u2502 digest for          \u2502\n\u2502            \u2502                      \u2502                    \u2502 reproducibility.    \u2502\n\u251c\u2500\u2500\u2500\u2500\u2500\u2500\u2500\u2500\u2500\u2500\u2500\u2500\u253c\u2500\u2500\u2500\u2500\u2500\u2500\u2500\u2500\u2500\u2500\u2500\u2500\u2500\u2500\u2500\u2500\u2500\u2500\u2500\u2500\u2500\u2500\u253c\u2500\u2500\u2500\u2500\u2500\u2500\u2500\u2500\u2500\u2500\u2500\u2500\u2500\u2500\u2500\u2500\u2500\u2500\u2500\u2500\u253c\u2500\u2500\u2500\u2500\u2500\u2500\u2500\u2500\u2500\u2500\u2500\u2500\u2500\u2500\u2500\u2500\u2500\u2500\u2500\u2500\u2500\u2524\n\u2502 INFO       \u2502 W002                 \u2502 NO_CONTAINER       \u2502 Process             \u2502\n\u2502            \u2502                      \u2502                    \u2502 'NO_CONTAINER'      \u2502\n\u2502            \u2502                      \u2502                    \u2502 specifies a single  \u2502\n\u2502            \u2502                      \u2502                    \u2502 CPU core. Verify if \u2502\n\u2502            \u2502                      \u2502                    \u2502 multi-threading is  \u2502\n\u2502            \u2502                      \u2502                    \u2502 supported by this   \u2502\n\u2502            \u2502                      \u2502                    \u2502 tool to optimize    \u2502\n\u2502            \u2502                      \u2502                    \u2502 execution.          \u2502\n\u251c\u2500\u2500\u2500\u2500\u2500\u2500\u2500\u2500\u2500\u2500\u2500\u2500\u253c\u2500\u2500\u2500\u2500\u2500\u2500\u2500\u2500\u2500\u2500\u2500\u2500\u2500\u2500\u2500\u2500\u2500\u2500\u2500\u2500\u2500\u2500\u253c\u2500\u2500\u2500\u2500\u2500\u2500\u2500\u2500\u2500\u2500\u2500\u2500\u2500\u2500\u2500\u2500\u2500\u2500\u2500\u2500\u253c\u2500\u2500\u2500\u2500\u2500\u2500\u2500\u2500\u2500\u2500\u2500\u2500\u2500\u2500\u2500\u2500\u2500\u2500\u2500\u2500\u2500\u2524\n\u2502 WARNING    \u2502 W002                 \u2502 NO_RESOURCES       \u2502 Process             \u2502\n\u2502            \u2502                      \u2502                    \u2502 'NO_RESOURCES' does \u2502\n\u2502            \u2502                      \u2502                    \u2502 not declare a CPU   \u2502\n\u2502            \u2502                      \u2502                    \u2502 resource limit.     \u2502\n\u251c\u2500\u2500\u2500\u2500\u2500\u2500\u2500\u2500\u2500\u2500\u2500\u2500\u253c\u2500\u2500\u2500\u2500\u2500\u2500\u2500\u2500\u2500\u2500\u2500\u2500\u2500\u2500\u2500\u2500\u2500\u2500\u2500\u2500\u2500\u2500\u253c\u2500\u2500\u2500\u2500\u2500\u2500\u2500\u2500\u2500\u2500\u2500\u2500\u2500\u2500\u2500\u2500\u2500\u2500\u2500\u2500\u253c\u2500\u2500\u2500\u2500\u2500\u2500\u2500\u2500\u2500\u2500\u2500\u2500\u2500\u2500\u2500\u2500\u2500\u2500\u2500\u2500\u2500\u2524\n\u2502 WARNING    \u2502 W002                 \u2502 NO_RESOURCES       \u2502 Process             \u2502\n\u2502            \u2502                      \u2502                    \u2502 'NO_RESOURCES' does \u2502\n\u2502            \u2502                      \u2502                    \u2502 not declare a       \u2502\n\u2502            \u2502                      \u2502                    \u2502 memory resource     \u2502\n\u2502            \u2502                      \u2502                    \u2502 limit.              \u2502\n\u2514\u2500\u2500\u2500\u2500\u2500\u2500\u2500\u2500\u2500\u2500\u2500\u2500\u2534\u2500\u2500\u2500\u2500\u2500\u2500\u2500\u2500\u2500\u2500\u2500\u2500\u2500\u2500\u2500\u2500\u2500\u2500\u2500\u2500\u2500\u2500\u2534\u2500\u2500\u2500\u2500\u2500\u2500\u2500\u2500\u2500\u2500\u2500\u2500\u2500\u2500\u2500\u2500\u2500\u2500\u2500\u2500\u2534\u2500\u2500\u2500\u2500\u2500\u2500\u2500\u2500\u2500\u2500\u2500\u2500\u2500\u2500\u2500\u2500\u2500\u2500\u2500\u2500\u2500\u2518\n\nSummary: 1 error(s), 4 warning(s), 1 info(s)\n\u26a0\ufe0f  AI Critic Enhancement Failed: All 6 findings fell back to the offline \nKnowledge Store.\n\n"
E    +  where "\nScanning workflow at 'poor_practices.nf'...\nNotice: No LLM API key found. Defaulting to local Knowledge Store fallback.\n\u2713 Saved diagnosis report to \n/private/var/folders/44/8l9tcqpx18g44px1c_6fwp7m0000gn/T/pytest-of-revaa/pytest-\n81/test_examine_with_enhance_offl0/diagnosis_test.json\n\n                    Diagnostic Findings for 'poor_practices'                    \n\u250f\u2501\u2501\u2501\u2501\u2501\u2501\u2501\u2501\u2501\u2501\u2501\u2501\u2533\u2501\u2501\u2501\u2501\u2501\u2501\u2501\u2501\u2501\u2501\u2501\u2501\u2501\u2501\u2501\u2501\u2501\u2501\u2501\u2501\u2501\u2501\u2533\u2501\u2501\u2501\u2501\u2501\u2501\u2501\u2501\u2501\u2501\u2501\u2501\u2501\u2501\u2501\u2501\u2501\u2501\u2501\u2501\u2533\u2501\u2501\u2501\u2501\u2501\u2501\u2501\u2501\u2501\u2501\u2501\u2501\u2501\u2501\u2501\u2501\u2501\u2501\u2501\u2501\u2501\u2513\n\u2503 Severity   \u2503 Rule                 \u2503 Process            \u2503 Message             \u2503\n\u2521\u2501\u2501\u2501\u2501\u2501\u2501\u2501\u2501\u2501\u2501\u2501\u2501\u2547\u2501\u2501\u2501\u2501\u2501\u2501\u2501\u2501\u2501\u2501\u2501\u2501\u2501\u2501\u2501\u2501\u2501\u2501\u2501\u2501\u2501\u2501\u2547\u2501\u2501\u2501\u2501\u2501\u2501\u2501\u2501\u2501\u2501\u2501\u2501\u2501\u2501\u2501\u2501\u2501\u2501\u2501\u2501\u2547\u2501\u2501\u2501\u2501\u2501\u2501\u2501\u2501\u2501\u2501\u2501\u2501\u2501\u2501\u2501\u2501\u2501\u2501\u2501\u2501\u2501\u2529\n\u2502 ERROR      \u2502 W001                 \u2502 NO_CONTAINER       \u2502 Process             \u2502\n\u2502            \u2502                      \u2502                    \u2502 'NO_CONTAINER' has  \u2502\n\u2502            \u2502                      \u2502                    \u2502 no container        \u2502\n\u2502            \u2502                      \u2502                    \u2502 defined.            \u2502\n\u251c\u2500\u2500\u2500\u2500\u2500\u2500\u2500\u2500\u2500\u2500\u2500\u2500\u253c\u2500\u2500\u2500\u2500\u2500\u2500\u2500\u2500\u2500\u2500\u2500\u2500\u2500\u2500\u2500\u2500\u2500\u2500\u2500\u2500\u2500\u2500\u253c\u2500\u2500\u2500\u2500\u2500\u2500\u2500\u2500\u2500\u2500\u2500\u2500\u2500\u2500\u2500\u2500\u2500\u2500\u2500\u2500\u253c\u2500\u2500\u2500\u2500\u2500\u2500\u2500\u2500\u2500\u2500\u2500\u2500\u2500\u2500\u2500\u2500\u2500\u2500\u2500\u2500\u2500\u2524\n\u2502 WARNING    \u2502 W001                 \u2502 UNPINNED_TAG       \u2502 Process             \u2502\n\u2502            \u2502                      \u2502                    \u2502 'UNPINNED_TAG' uses \u2502\n\u2502            \u2502                      \u2502                    \u2502 an unpinned         \u2502\n\u2502            \u2502                      \u2502                    \u2502 container image:    \u2502\n\u2502            \u2502                      \u2502                    \u2502 'ubuntu:latest'.    \u2502\n\u2502            \u2502                      \u2502                    \u2502 Pin to a specific   \u2502\n\u2502            \u2502                      \u2502                    \u2502 tag or digest for   \u2502\n\u2502            \u2502                      \u2502                    \u2502 reproducibility.    \u2502\n\u251c\u2500\u2500\u2500\u2500\u2500\u2500\u2500\u2500\u2500\u2500\u2500\u2500\u253c\u2500\u2500\u2500\u2500\u2500\u2500\u2500\u2500\u2500\u2500\u2500\u2500\u2500\u2500\u2500\u2500\u2500\u2500\u2500\u2500\u2500\u2500\u253c\u2500\u2500\u2500\u2500\u2500\u2500\u2500\u2500\u2500\u2500\u2500\u2500\u2500\u2500\u2500\u2500\u2500\u2500\u2500\u2500\u253c\u2500\u2500\u2500\u2500\u2500\u2500\u2500\u2500\u2500\u2500\u2500\u2500\u2500\u2500\u2500\u2500\u2500\u2500\u2500\u2500\u2500\u2524\n\u2502 WARNING    \u2502 W001                 \u2502 TAGLESS_IMAGE      \u2502 Process             \u2502\n\u2502            \u2502                      \u2502                    \u2502 'TAGLESS_IMAGE'     \u2502\n\u2502            \u2502                      \u2502                    \u2502 uses an unpinned    \u2502\n\u2502            \u2502                      \u2502                    \u2502 container image:    \u2502\n\u2502            \u2502                      \u2502                    \u2502 'ubuntu'. Pin to a  \u2502\n\u2502            \u2502                      \u2502                    \u2502 specific tag or     \u2502\n\u2502            \u2502                      \u2502                    \u2502 digest for          \u2502\n\u2502            \u2502                      \u2502                    \u2502 reproducibility.    \u2502\n\u251c\u2500\u2500\u2500\u2500\u2500\u2500\u2500\u2500\u2500\u2500\u2500\u2500\u253c\u2500\u2500\u2500\u2500\u2500\u2500\u2500\u2500\u2500\u2500\u2500\u2500\u2500\u2500\u2500\u2500\u2500\u2500\u2500\u2500\u2500\u2500\u253c\u2500\u2500\u2500\u2500\u2500\u2500\u2500\u2500\u2500\u2500\u2500\u2500\u2500\u2500\u2500\u2500\u2500\u2500\u2500\u2500\u253c\u2500\u2500\u2500\u2500\u2500\u2500\u2500\u2500\u2500\u2500\u2500\u2500\u2500\u2500\u2500\u2500\u2500\u2500\u2500\u2500\u2500\u2524\n\u2502 INFO       \u2502 W002                 \u2502 NO_CONTAINER       \u2502 Process             \u2502\n\u2502            \u2502                      \u2502                    \u2502 'NO_CONTAINER'      \u2502\n\u2502            \u2502                      \u2502                    \u2502 specifies a single  \u2502\n\u2502            \u2502                      \u2502                    \u2502 CPU core. Verify if \u2502\n\u2502            \u2502                      \u2502                    \u2502 multi-threading is  \u2502\n\u2502            \u2502                      \u2502                    \u2502 supported by this   \u2502\n\u2502            \u2502                      \u2502                    \u2502 tool to optimize    \u2502\n\u2502            \u2502                      \u2502                    \u2502 execution.          \u2502\n\u251c\u2500\u2500\u2500\u2500\u2500\u2500\u2500\u2500\u2500\u2500\u2500\u2500\u253c\u2500\u2500\u2500\u2500\u2500\u2500\u2500\u2500\u2500\u2500\u2500\u2500\u2500\u2500\u2500\u2500\u2500\u2500\u2500\u2500\u2500\u2500\u253c\u2500\u2500\u2500\u2500\u2500\u2500\u2500\u2500\u2500\u2500\u2500\u2500\u2500\u2500\u2500\u2500\u2500\u2500\u2500\u2500\u253c\u2500\u2500\u2500\u2500\u2500\u2500\u2500\u2500\u2500\u2500\u2500\u2500\u2500\u2500\u2500\u2500\u2500\u2500\u2500\u2500\u2500\u2524\n\u2502 WARNING    \u2502 W002                 \u2502 NO_RESOURCES       \u2502 Process             \u2502\n\u2502            \u2502                      \u2502                    \u2502 'NO_RESOURCES' does \u2502\n\u2502            \u2502                      \u2502                    \u2502 not declare a CPU   \u2502\n\u2502            \u2502                      \u2502                    \u2502 resource limit.     \u2502\n\u251c\u2500\u2500\u2500\u2500\u2500\u2500\u2500\u2500\u2500\u2500\u2500\u2500\u253c\u2500\u2500\u2500\u2500\u2500\u2500\u2500\u2500\u2500\u2500\u2500\u2500\u2500\u2500\u2500\u2500\u2500\u2500\u2500\u2500\u2500\u2500\u253c\u2500\u2500\u2500\u2500\u2500\u2500\u2500\u2500\u2500\u2500\u2500\u2500\u2500\u2500\u2500\u2500\u2500\u2500\u2500\u2500\u253c\u2500\u2500\u2500\u2500\u2500\u2500\u2500\u2500\u2500\u2500\u2500\u2500\u2500\u2500\u2500\u2500\u2500\u2500\u2500\u2500\u2500\u2524\n\u2502 WARNING    \u2502 W002                 \u2502 NO_RESOURCES       \u2502 Process             \u2502\n\u2502            \u2502                      \u2502                    \u2502 'NO_RESOURCES' does \u2502\n\u2502            \u2502                      \u2502                    \u2502 not declare a       \u2502\n\u2502            \u2502                      \u2502                    \u2502 memory resource     \u2502\n\u2502            \u2502                      \u2502                    \u2502 limit.              \u2502\n\u2514\u2500\u2500\u2500\u2500\u2500\u2500\u2500\u2500\u2500\u2500\u2500\u2500\u2534\u2500\u2500\u2500\u2500\u2500\u2500\u2500\u2500\u2500\u2500\u2500\u2500\u2500\u2500\u2500\u2500\u2500\u2500\u2500\u2500\u2500\u2500\u2534\u2500\u2500\u2500\u2500\u2500\u2500\u2500\u2500\u2500\u2500\u2500\u2500\u2500\u2500\u2500\u2500\u2500\u2500\u2500\u2500\u2534\u2500\u2500\u2500\u2500\u2500\u2500\u2500\u2500\u2500\u2500\u2500\u2500\u2500\u2500\u2500\u2500\u2500\u2500\u2500\u2500\u2500\u2518\n\nSummary: 1 error(s), 4 warning(s), 1 info(s)\n\u26a0\ufe0f  AI Critic Enhancement Failed: All 6 findings fell back to the offline \nKnowledge Store.\n\n" = <Result SystemExit(1)>.output
=========================== short test summary info ============================
FAILED tests/test_cli_critic.py::test_examine_with_enhance_offline_fallback - assert 'Offline remediation guidance added' in "\nScanning workflow at 'poor_practices.nf'...\nNotice: No LLM API key found. Defaulting to local Knowledge Store fallback.\n\u2713 Saved diagnosis report to \n/private/var/folders/44/8l9tcqpx18g44px1c_6fwp7m0000gn/T/pytest-of-revaa/pytest-\n81/test_examine_with_enhance_offl0/diagnosis_test.json\n\n                    Diagnostic Findings for 'poor_practices'                    \n\u250f\u2501\u2501\u2501\u2501\u2501\u2501\u2501\u2501\u2501\u2501\u2501\u2501\u2533\u2501\u2501\u2501\u2501\u2501\u2501\u2501\u2501\u2501\u2501\u2501\u2501\u2501\u2501\u2501\u2501\u2501\u2501\u2501\u2501\u2501\u2501\u2533\u2501\u2501\u2501\u2501\u2501\u2501\u2501\u2501\u2501\u2501\u2501\u2501\u2501\u2501\u2501\u2501\u2501\u2501\u2501\u2501\u2533\u2501\u2501\u2501\u2501\u2501\u2501\u2501\u2501\u2501\u2501\u2501\u2501\u2501\u2501\u2501\u2501\u2501\u2501\u2501\u2501\u2501\u2513\n\u2503 Severity   \u2503 Rule                 \u2503 Process            \u2503 Message             \u2503\n\u2521\u2501\u2501\u2501\u2501\u2501\u2501\u2501\u2501\u2501\u2501\u2501\u2501\u2547\u2501\u2501\u2501\u2501\u2501\u2501\u2501\u2501\u2501\u2501\u2501\u2501\u2501\u2501\u2501\u2501\u2501\u2501\u2501\u2501\u2501\u2501\u2547\u2501\u2501\u2501\u2501\u2501\u2501\u2501\u2501\u2501\u2501\u2501\u2501\u2501\u2501\u2501\u2501\u2501\u2501\u2501\u2501\u2547\u2501\u2501\u2501\u2501\u2501\u2501\u2501\u2501\u2501\u2501\u2501\u2501\u2501\u2501\u2501\u2501\u2501\u2501\u2501\u2501\u2501\u2529\n\u2502 ERROR      \u2502 W001                 \u2502 NO_CONTAINER       \u2502 Process             \u2502\n\u2502            \u2502                      \u2502                    \u2502 'NO_CONTAINER' has  \u2502\n\u2502            \u2502                      \u2502                    \u2502 no container        \u2502\n\u2502            \u2502                      \u2502                    \u2502 defined.            \u2502\n\u251c\u2500\u2500\u2500\u2500\u2500\u2500\u2500\u2500\u2500\u2500\u2500\u2500\u253c\u2500\u2500\u2500\u2500\u2500\u2500\u2500\u2500\u2500\u2500\u2500\u2500\u2500\u2500\u2500\u2500\u2500\u2500\u2500\u2500\u2500\u2500\u253c\u2500\u2500\u2500\u2500\u2500\u2500\u2500\u2500\u2500\u2500\u2500\u2500\u2500\u2500\u2500\u2500\u2500\u2500\u2500\u2500\u253c\u2500\u2500\u2500\u2500\u2500\u2500\u2500\u2500\u2500\u2500\u2500\u2500\u2500\u2500\u2500\u2500\u2500\u2500\u2500\u2500\u2500\u2524\n\u2502 WARNING    \u2502 W001                 \u2502 UNPINNED_TAG       \u2502 Process             \u2502\n\u2502            \u2502                      \u2502                    \u2502 'UNPINNED_TAG' uses \u2502\n\u2502            \u2502                      \u2502                    \u2502 an unpinned         \u2502\n\u2502            \u2502                      \u2502                    \u2502 container image:    \u2502\n\u2502            \u2502                      \u2502                    \u2502 'ubuntu:latest'.    \u2502\n\u2502            \u2502                      \u2502                    \u2502 Pin to a specific   \u2502\n\u2502            \u2502                      \u2502                    \u2502 tag or digest for   \u2502\n\u2502            \u2502                      \u2502                    \u2502 reproducibility.    \u2502\n\u251c\u2500\u2500\u2500\u2500\u2500\u2500\u2500\u2500\u2500\u2500\u2500\u2500\u253c\u2500\u2500\u2500\u2500\u2500\u2500\u2500\u2500\u2500\u2500\u2500\u2500\u2500\u2500\u2500\u2500\u2500\u2500\u2500\u2500\u2500\u2500\u253c\u2500\u2500\u2500\u2500\u2500\u2500\u2500\u2500\u2500\u2500\u2500\u2500\u2500\u2500\u2500\u2500\u2500\u2500\u2500\u2500\u253c\u2500\u2500\u2500\u2500\u2500\u2500\u2500\u2500\u2500\u2500\u2500\u2500\u2500\u2500\u2500\u2500\u2500\u2500\u2500\u2500\u2500\u2524\n\u2502 WARNING    \u2502 W001                 \u2502 TAGLESS_IMAGE      \u2502 Process             \u2502\n\u2502            \u2502                      \u2502                    \u2502 'TAGLESS_IMAGE'     \u2502\n\u2502            \u2502                      \u2502                    \u2502 uses an unpinned    \u2502\n\u2502            \u2502                      \u2502                    \u2502 container image:    \u2502\n\u2502            \u2502                      \u2502                    \u2502 'ubuntu'. Pin to a  \u2502\n\u2502            \u2502                      \u2502                    \u2502 specific tag or     \u2502\n\u2502            \u2502                      \u2502                    \u2502 digest for          \u2502\n\u2502            \u2502                      \u2502                    \u2502 reproducibility.    \u2502\n\u251c\u2500\u2500\u2500\u2500\u2500\u2500\u2500\u2500\u2500\u2500\u2500\u2500\u253c\u2500\u2500\u2500\u2500\u2500\u2500\u2500\u2500\u2500\u2500\u2500\u2500\u2500\u2500\u2500\u2500\u2500\u2500\u2500\u2500\u2500\u2500\u253c\u2500\u2500\u2500\u2500\u2500\u2500\u2500\u2500\u2500\u2500\u2500\u2500\u2500\u2500\u2500\u2500\u2500\u2500\u2500\u2500\u253c\u2500\u2500\u2500\u2500\u2500\u2500\u2500\u2500\u2500\u2500\u2500\u2500\u2500\u2500\u2500\u2500\u2500\u2500\u2500\u2500\u2500\u2524\n\u2502 INFO       \u2502 W002                 \u2502 NO_CONTAINER       \u2502 Process             \u2502\n\u2502            \u2502                      \u2502                    \u2502 'NO_CONTAINER'      \u2502\n\u2502            \u2502                      \u2502                    \u2502 specifies a single  \u2502\n\u2502            \u2502                      \u2502                    \u2502 CPU core. Verify if \u2502\n\u2502            \u2502                      \u2502                    \u2502 multi-threading is  \u2502\n\u2502            \u2502                      \u2502                    \u2502 supported by this   \u2502\n\u2502            \u2502                      \u2502                    \u2502 tool to optimize    \u2502\n\u2502            \u2502                      \u2502                    \u2502 execution.          \u2502\n\u251c\u2500\u2500\u2500\u2500\u2500\u2500\u2500\u2500\u2500\u2500\u2500\u2500\u253c\u2500\u2500\u2500\u2500\u2500\u2500\u2500\u2500\u2500\u2500\u2500\u2500\u2500\u2500\u2500\u2500\u2500\u2500\u2500\u2500\u2500\u2500\u253c\u2500\u2500\u2500\u2500\u2500\u2500\u2500\u2500\u2500\u2500\u2500\u2500\u2500\u2500\u2500\u2500\u2500\u2500\u2500\u2500\u253c\u2500\u2500\u2500\u2500\u2500\u2500\u2500\u2500\u2500\u2500\u2500\u2500\u2500\u2500\u2500\u2500\u2500\u2500\u2500\u2500\u2500\u2524\n\u2502 WARNING    \u2502 W002                 \u2502 NO_RESOURCES       \u2502 Process             \u2502\n\u2502            \u2502                      \u2502                    \u2502 'NO_RESOURCES' does \u2502\n\u2502            \u2502                      \u2502                    \u2502 not declare a CPU   \u2502\n\u2502            \u2502                      \u2502                    \u2502 resource limit.     \u2502\n\u251c\u2500\u2500\u2500\u2500\u2500\u2500\u2500\u2500\u2500\u2500\u2500\u2500\u253c\u2500\u2500\u2500\u2500\u2500\u2500\u2500\u2500\u2500\u2500\u2500\u2500\u2500\u2500\u2500\u2500\u2500\u2500\u2500\u2500\u2500\u2500\u253c\u2500\u2500\u2500\u2500\u2500\u2500\u2500\u2500\u2500\u2500\u2500\u2500\u2500\u2500\u2500\u2500\u2500\u2500\u2500\u2500\u253c\u2500\u2500\u2500\u2500\u2500\u2500\u2500\u2500\u2500\u2500\u2500\u2500\u2500\u2500\u2500\u2500\u2500\u2500\u2500\u2500\u2500\u2524\n\u2502 WARNING    \u2502 W002                 \u2502 NO_RESOURCES       \u2502 Process             \u2502\n\u2502            \u2502                      \u2502                    \u2502 'NO_RESOURCES' does \u2502\n\u2502            \u2502                      \u2502                    \u2502 not declare a       \u2502\n\u2502            \u2502                      \u2502                    \u2502 memory resource     \u2502\n\u2502            \u2502                      \u2502                    \u2502 limit.              \u2502\n\u2514\u2500\u2500\u2500\u2500\u2500\u2500\u2500\u2500\u2500\u2500\u2500\u2500\u2534\u2500\u2500\u2500\u2500\u2500\u2500\u2500\u2500\u2500\u2500\u2500\u2500\u2500\u2500\u2500\u2500\u2500\u2500\u2500\u2500\u2500\u2500\u2534\u2500\u2500\u2500\u2500\u2500\u2500\u2500\u2500\u2500\u2500\u2500\u2500\u2500\u2500\u2500\u2500\u2500\u2500\u2500\u2500\u2534\u2500\u2500\u2500\u2500\u2500\u2500\u2500\u2500\u2500\u2500\u2500\u2500\u2500\u2500\u2500\u2500\u2500\u2500\u2500\u2500\u2500\u2518\n\nSummary: 1 error(s), 4 warning(s), 1 info(s)\n\u26a0\ufe0f  AI Critic Enhancement Failed: All 6 findings fell back to the offline \nKnowledge Store.\n\n"
 +  where "\nScanning workflow at 'poor_practices.nf'...\nNotice: No LLM API key found. Defaulting to local Knowledge Store fallback.\n\u2713 Saved diagnosis report to \n/private/var/folders/44/8l9tcqpx18g44px1c_6fwp7m0000gn/T/pytest-of-revaa/pytest-\n81/test_examine_with_enhance_offl0/diagnosis_test.json\n\n                    Diagnostic Findings for 'poor_practices'                    \n\u250f\u2501\u2501\u2501\u2501\u2501\u2501\u2501\u2501\u2501\u2501\u2501\u2501\u2533\u2501\u2501\u2501\u2501\u2501\u2501\u2501\u2501\u2501\u2501\u2501\u2501\u2501\u2501\u2501\u2501\u2501\u2501\u2501\u2501\u2501\u2501\u2533\u2501\u2501\u2501\u2501\u2501\u2501\u2501\u2501\u2501\u2501\u2501\u2501\u2501\u2501\u2501\u2501\u2501\u2501\u2501\u2501\u2533\u2501\u2501\u2501\u2501\u2501\u2501\u2501\u2501\u2501\u2501\u2501\u2501\u2501\u2501\u2501\u2501\u2501\u2501\u2501\u2501\u2501\u2513\n\u2503 Severity   \u2503 Rule                 \u2503 Process            \u2503 Message             \u2503\n\u2521\u2501\u2501\u2501\u2501\u2501\u2501\u2501\u2501\u2501\u2501\u2501\u2501\u2547\u2501\u2501\u2501\u2501\u2501\u2501\u2501\u2501\u2501\u2501\u2501\u2501\u2501\u2501\u2501\u2501\u2501\u2501\u2501\u2501\u2501\u2501\u2547\u2501\u2501\u2501\u2501\u2501\u2501\u2501\u2501\u2501\u2501\u2501\u2501\u2501\u2501\u2501\u2501\u2501\u2501\u2501\u2501\u2547\u2501\u2501\u2501\u2501\u2501\u2501\u2501\u2501\u2501\u2501\u2501\u2501\u2501\u2501\u2501\u2501\u2501\u2501\u2501\u2501\u2501\u2529\n\u2502 ERROR      \u2502 W001                 \u2502 NO_CONTAINER       \u2502 Process             \u2502\n\u2502            \u2502                      \u2502                    \u2502 'NO_CONTAINER' has  \u2502\n\u2502            \u2502                      \u2502                    \u2502 no container        \u2502\n\u2502            \u2502                      \u2502                    \u2502 defined.            \u2502\n\u251c\u2500\u2500\u2500\u2500\u2500\u2500\u2500\u2500\u2500\u2500\u2500\u2500\u253c\u2500\u2500\u2500\u2500\u2500\u2500\u2500\u2500\u2500\u2500\u2500\u2500\u2500\u2500\u2500\u2500\u2500\u2500\u2500\u2500\u2500\u2500\u253c\u2500\u2500\u2500\u2500\u2500\u2500\u2500\u2500\u2500\u2500\u2500\u2500\u2500\u2500\u2500\u2500\u2500\u2500\u2500\u2500\u253c\u2500\u2500\u2500\u2500\u2500\u2500\u2500\u2500\u2500\u2500\u2500\u2500\u2500\u2500\u2500\u2500\u2500\u2500\u2500\u2500\u2500\u2524\n\u2502 WARNING    \u2502 W001                 \u2502 UNPINNED_TAG       \u2502 Process             \u2502\n\u2502            \u2502                      \u2502                    \u2502 'UNPINNED_TAG' uses \u2502\n\u2502            \u2502                      \u2502                    \u2502 an unpinned         \u2502\n\u2502            \u2502                      \u2502                    \u2502 container image:    \u2502\n\u2502            \u2502                      \u2502                    \u2502 'ubuntu:latest'.    \u2502\n\u2502            \u2502                      \u2502                    \u2502 Pin to a specific   \u2502\n\u2502            \u2502                      \u2502                    \u2502 tag or digest for   \u2502\n\u2502            \u2502                      \u2502                    \u2502 reproducibility.    \u2502\n\u251c\u2500\u2500\u2500\u2500\u2500\u2500\u2500\u2500\u2500\u2500\u2500\u2500\u253c\u2500\u2500\u2500\u2500\u2500\u2500\u2500\u2500\u2500\u2500\u2500\u2500\u2500\u2500\u2500\u2500\u2500\u2500\u2500\u2500\u2500\u2500\u253c\u2500\u2500\u2500\u2500\u2500\u2500\u2500\u2500\u2500\u2500\u2500\u2500\u2500\u2500\u2500\u2500\u2500\u2500\u2500\u2500\u253c\u2500\u2500\u2500\u2500\u2500\u2500\u2500\u2500\u2500\u2500\u2500\u2500\u2500\u2500\u2500\u2500\u2500\u2500\u2500\u2500\u2500\u2524\n\u2502 WARNING    \u2502 W001                 \u2502 TAGLESS_IMAGE      \u2502 Process             \u2502\n\u2502            \u2502                      \u2502                    \u2502 'TAGLESS_IMAGE'     \u2502\n\u2502            \u2502                      \u2502                    \u2502 uses an unpinned    \u2502\n\u2502            \u2502                      \u2502                    \u2502 container image:    \u2502\n\u2502            \u2502                      \u2502                    \u2502 'ubuntu'. Pin to a  \u2502\n\u2502            \u2502                      \u2502                    \u2502 specific tag or     \u2502\n\u2502            \u2502                      \u2502                    \u2502 digest for          \u2502\n\u2502            \u2502                      \u2502                    \u2502 reproducibility.    \u2502\n\u251c\u2500\u2500\u2500\u2500\u2500\u2500\u2500\u2500\u2500\u2500\u2500\u2500\u253c\u2500\u2500\u2500\u2500\u2500\u2500\u2500\u2500\u2500\u2500\u2500\u2500\u2500\u2500\u2500\u2500\u2500\u2500\u2500\u2500\u2500\u2500\u253c\u2500\u2500\u2500\u2500\u2500\u2500\u2500\u2500\u2500\u2500\u2500\u2500\u2500\u2500\u2500\u2500\u2500\u2500\u2500\u2500\u253c\u2500\u2500\u2500\u2500\u2500\u2500\u2500\u2500\u2500\u2500\u2500\u2500\u2500\u2500\u2500\u2500\u2500\u2500\u2500\u2500\u2500\u2524\n\u2502 INFO       \u2502 W002                 \u2502 NO_CONTAINER       \u2502 Process             \u2502\n\u2502            \u2502                      \u2502                    \u2502 'NO_CONTAINER'      \u2502\n\u2502            \u2502                      \u2502                    \u2502 specifies a single  \u2502\n\u2502            \u2502                      \u2502                    \u2502 CPU core. Verify if \u2502\n\u2502            \u2502                      \u2502                    \u2502 multi-threading is  \u2502\n\u2502            \u2502                      \u2502                    \u2502 supported by this   \u2502\n\u2502            \u2502                      \u2502                    \u2502 tool to optimize    \u2502\n\u2502            \u2502                      \u2502                    \u2502 execution.          \u2502\n\u251c\u2500\u2500\u2500\u2500\u2500\u2500\u2500\u2500\u2500\u2500\u2500\u2500\u253c\u2500\u2500\u2500\u2500\u2500\u2500\u2500\u2500\u2500\u2500\u2500\u2500\u2500\u2500\u2500\u2500\u2500\u2500\u2500\u2500\u2500\u2500\u253c\u2500\u2500\u2500\u2500\u2500\u2500\u2500\u2500\u2500\u2500\u2500\u2500\u2500\u2500\u2500\u2500\u2500\u2500\u2500\u2500\u253c\u2500\u2500\u2500\u2500\u2500\u2500\u2500\u2500\u2500\u2500\u2500\u2500\u2500\u2500\u2500\u2500\u2500\u2500\u2500\u2500\u2500\u2524\n\u2502 WARNING    \u2502 W002                 \u2502 NO_RESOURCES       \u2502 Process             \u2502\n\u2502            \u2502                      \u2502                    \u2502 'NO_RESOURCES' does \u2502\n\u2502            \u2502                      \u2502                    \u2502 not declare a CPU   \u2502\n\u2502            \u2502                      \u2502                    \u2502 resource limit.     \u2502\n\u251c\u2500\u2500\u2500\u2500\u2500\u2500\u2500\u2500\u2500\u2500\u2500\u2500\u253c\u2500\u2500\u2500\u2500\u2500\u2500\u2500\u2500\u2500\u2500\u2500\u2500\u2500\u2500\u2500\u2500\u2500\u2500\u2500\u2500\u2500\u2500\u253c\u2500\u2500\u2500\u2500\u2500\u2500\u2500\u2500\u2500\u2500\u2500\u2500\u2500\u2500\u2500\u2500\u2500\u2500\u2500\u2500\u253c\u2500\u2500\u2500\u2500\u2500\u2500\u2500\u2500\u2500\u2500\u2500\u2500\u2500\u2500\u2500\u2500\u2500\u2500\u2500\u2500\u2500\u2524\n\u2502 WARNING    \u2502 W002                 \u2502 NO_RESOURCES       \u2502 Process             \u2502\n\u2502            \u2502                      \u2502                    \u2502 'NO_RESOURCES' does \u2502\n\u2502            \u2502                      \u2502                    \u2502 not declare a       \u2502\n\u2502            \u2502                      \u2502                    \u2502 memory resource     \u2502\n\u2502            \u2502                      \u2502                    \u2502 limit.              \u2502\n\u2514\u2500\u2500\u2500\u2500\u2500\u2500\u2500\u2500\u2500\u2500\u2500\u2500\u2534\u2500\u2500\u2500\u2500\u2500\u2500\u2500\u2500\u2500\u2500\u2500\u2500\u2500\u2500\u2500\u2500\u2500\u2500\u2500\u2500\u2500\u2500\u2534\u2500\u2500\u2500\u2500\u2500\u2500\u2500\u2500\u2500\u2500\u2500\u2500\u2500\u2500\u2500\u2500\u2500\u2500\u2500\u2500\u2534\u2500\u2500\u2500\u2500\u2500\u2500\u2500\u2500\u2500\u2500\u2500\u2500\u2500\u2500\u2500\u2500\u2500\u2500\u2500\u2500\u2500\u2518\n\nSummary: 1 error(s), 4 warning(s), 1 info(s)\n\u26a0\ufe0f  AI Critic Enhancement Failed: All 6 findings fell back to the offline \nKnowledge Store.\n\n" = <Result SystemExit(1)>.output
========================= 1 failed, 6 passed in 18.62s =========================
